 
****************************************
Report : area
Design : Modular_Inverse
Version: K-2015.06
Date   : Sat Oct 21 05:40:27 2023
****************************************

Library(s) Used:

    scmetro_tsmc_cl013g_rvt_ss_1p08v_125c (File: /home/IC/tsmc_fb_cl013g_sc/aci/sc-m/synopsys/scmetro_tsmc_cl013g_rvt_ss_1p08v_125c.db)

Number of ports:                         8483
Number of nets:                         34311
Number of cells:                        26634
Number of combinational cells:          25331
Number of sequential cells:              1293
Number of macros/black boxes:               0
Number of buf/inv:                       4649
Number of references:                     145

Combinational area:             234244.494070
Buf/Inv area:                    27847.782370
Noncombinational area:           35463.383181
Macro/Black Box area:                0.000000
Net Interconnect area:         8303021.096375

Total cell area:                269707.877251
Total area:                    8572728.973625
1
